<?xml version="1.0" encoding="UTF-8"?>
<robot generator="Robot 3.1.2 (Python 3.7.4 on win32)" generated="20191002 16:13:50.241" rpa="false">
<suite id="s1" name="Login" source="C:\Users\ArturoCorona\Documents\GitHub\ingangsters-web\TestCases\Login.robot">
<test id="s1-t1" name="TC_001">
<kw name="Open Browser" library="SeleniumLibrary">
<doc>Opens a new browser instance to the given ``url``.</doc>
<arguments>
<arg>${URL}</arg>
<arg>${Browser}</arg>
</arguments>
<msg timestamp="20191002 16:13:50.506" level="INFO">Opening browser 'Chrome' to base url 'http://localhost:3000/login'.</msg>
<status status="PASS" starttime="20191002 16:13:50.505" endtime="20191002 16:13:54.200"></status>
</kw>
<kw name="Maximize Browser Window" library="SeleniumLibrary">
<doc>Maximizes current browser window.</doc>
<status status="PASS" starttime="20191002 16:13:54.201" endtime="20191002 16:13:55.372"></status>
</kw>
<kw name="Input Text" library="SeleniumLibrary">
<doc>Types the given ``text`` into the text field identified by ``locator``.</doc>
<arguments>
<arg>//input[@placeholder='email']</arg>
<arg>a@a.com</arg>
</arguments>
<msg timestamp="20191002 16:13:55.375" level="INFO">Typing text 'a@a.com' into text field '//input[@placeholder='email']'.</msg>
<status status="PASS" starttime="20191002 16:13:55.375" endtime="20191002 16:13:55.743"></status>
</kw>
<kw name="Sleep" library="BuiltIn">
<doc>Pauses the test executed for the given time.</doc>
<arguments>
<arg>2s</arg>
</arguments>
<msg timestamp="20191002 16:13:57.745" level="INFO">Slept 2 seconds</msg>
<status status="PASS" starttime="20191002 16:13:55.744" endtime="20191002 16:13:57.746"></status>
</kw>
<kw name="Input Text" library="SeleniumLibrary">
<doc>Types the given ``text`` into the text field identified by ``locator``.</doc>
<arguments>
<arg>//input[@placeholder='password']</arg>
<arg>1234</arg>
</arguments>
<msg timestamp="20191002 16:13:57.749" level="INFO">Typing text '1234' into text field '//input[@placeholder='password']'.</msg>
<status status="PASS" starttime="20191002 16:13:57.747" endtime="20191002 16:13:57.921"></status>
</kw>
<kw name="Sleep" library="BuiltIn">
<doc>Pauses the test executed for the given time.</doc>
<arguments>
<arg>2s</arg>
</arguments>
<msg timestamp="20191002 16:13:59.923" level="INFO">Slept 2 seconds</msg>
<status status="PASS" starttime="20191002 16:13:57.921" endtime="20191002 16:13:59.923"></status>
</kw>
<kw name="Click Element" library="SeleniumLibrary">
<doc>Click the element identified by ``locator``.</doc>
<arguments>
<arg>//button[@class='btn btn-intersys btn-block my-3']</arg>
</arguments>
<msg timestamp="20191002 16:13:59.923" level="INFO">Clicking element '//button[@class='btn btn-intersys btn-block my-3']'.</msg>
<status status="PASS" starttime="20191002 16:13:59.923" endtime="20191002 16:14:00.000"></status>
</kw>
<kw name="Sleep" library="BuiltIn">
<doc>Pauses the test executed for the given time.</doc>
<arguments>
<arg>${Sleep1}</arg>
</arguments>
<msg timestamp="20191002 16:14:03.003" level="INFO">Slept 3 seconds</msg>
<status status="PASS" starttime="20191002 16:14:00.002" endtime="20191002 16:14:03.003"></status>
</kw>
<kw name="Close Browser" library="SeleniumLibrary">
<doc>Closes the current browser.</doc>
<status status="PASS" starttime="20191002 16:14:03.003" endtime="20191002 16:14:05.564"></status>
</kw>
<status status="PASS" starttime="20191002 16:13:50.505" endtime="20191002 16:14:05.567" critical="yes"></status>
</test>
<test id="s1-t2" name="TC_002">
<kw name="Open Browser" library="SeleniumLibrary">
<doc>Opens a new browser instance to the given ``url``.</doc>
<arguments>
<arg>${URL}</arg>
<arg>${Browser}</arg>
</arguments>
<msg timestamp="20191002 16:14:05.577" level="INFO">Opening browser 'Chrome' to base url 'http://localhost:3000/login'.</msg>
<status status="PASS" starttime="20191002 16:14:05.576" endtime="20191002 16:14:09.185"></status>
</kw>
<kw name="Maximize Browser Window" library="SeleniumLibrary">
<doc>Maximizes current browser window.</doc>
<status status="PASS" starttime="20191002 16:14:09.186" endtime="20191002 16:14:10.369"></status>
</kw>
<kw name="Input Text" library="SeleniumLibrary">
<doc>Types the given ``text`` into the text field identified by ``locator``.</doc>
<arguments>
<arg>//input[@placeholder='email']</arg>
<arg>a@a.com</arg>
</arguments>
<msg timestamp="20191002 16:14:10.371" level="INFO">Typing text 'a@a.com' into text field '//input[@placeholder='email']'.</msg>
<status status="PASS" starttime="20191002 16:14:10.371" endtime="20191002 16:14:10.692"></status>
</kw>
<kw name="Sleep" library="BuiltIn">
<doc>Pauses the test executed for the given time.</doc>
<arguments>
<arg>2s</arg>
</arguments>
<msg timestamp="20191002 16:14:12.693" level="INFO">Slept 2 seconds</msg>
<status status="PASS" starttime="20191002 16:14:10.692" endtime="20191002 16:14:12.694"></status>
</kw>
<kw name="Input Text" library="SeleniumLibrary">
<doc>Types the given ``text`` into the text field identified by ``locator``.</doc>
<arguments>
<arg>//input[@placeholder='password']</arg>
<arg>1243</arg>
</arguments>
<msg timestamp="20191002 16:14:12.696" level="INFO">Typing text '1243' into text field '//input[@placeholder='password']'.</msg>
<status status="PASS" starttime="20191002 16:14:12.696" endtime="20191002 16:14:12.885"></status>
</kw>
<kw name="Sleep" library="BuiltIn">
<doc>Pauses the test executed for the given time.</doc>
<arguments>
<arg>2s</arg>
</arguments>
<msg timestamp="20191002 16:14:14.887" level="INFO">Slept 2 seconds</msg>
<status status="PASS" starttime="20191002 16:14:12.885" endtime="20191002 16:14:14.887"></status>
</kw>
<kw name="Click Element" library="SeleniumLibrary">
<doc>Click the element identified by ``locator``.</doc>
<arguments>
<arg>//button[@class='btn btn-intersys btn-block my-3']</arg>
</arguments>
<msg timestamp="20191002 16:14:14.887" level="INFO">Clicking element '//button[@class='btn btn-intersys btn-block my-3']'.</msg>
<status status="PASS" starttime="20191002 16:14:14.887" endtime="20191002 16:14:14.965"></status>
</kw>
<kw name="Sleep" library="BuiltIn">
<doc>Pauses the test executed for the given time.</doc>
<arguments>
<arg>${Sleep1}</arg>
</arguments>
<msg timestamp="20191002 16:14:17.967" level="INFO">Slept 3 seconds</msg>
<status status="PASS" starttime="20191002 16:14:14.966" endtime="20191002 16:14:17.967"></status>
</kw>
<kw name="Close Browser" library="SeleniumLibrary">
<doc>Closes the current browser.</doc>
<status status="PASS" starttime="20191002 16:14:17.969" endtime="20191002 16:14:20.537"></status>
</kw>
<status status="PASS" starttime="20191002 16:14:05.573" endtime="20191002 16:14:20.539" critical="yes"></status>
</test>
<test id="s1-t3" name="TC_003">
<kw name="Open Browser" library="SeleniumLibrary">
<doc>Opens a new browser instance to the given ``url``.</doc>
<arguments>
<arg>${URL}</arg>
<arg>${Browser}</arg>
</arguments>
<msg timestamp="20191002 16:14:20.553" level="INFO">Opening browser 'Chrome' to base url 'http://localhost:3000/login'.</msg>
<status status="PASS" starttime="20191002 16:14:20.552" endtime="20191002 16:14:24.236"></status>
</kw>
<kw name="Maximize Browser Window" library="SeleniumLibrary">
<doc>Maximizes current browser window.</doc>
<status status="PASS" starttime="20191002 16:14:24.240" endtime="20191002 16:14:25.388"></status>
</kw>
<kw name="Input Text" library="SeleniumLibrary">
<doc>Types the given ``text`` into the text field identified by ``locator``.</doc>
<arguments>
<arg>//input[@placeholder='email']</arg>
<arg>a@a.com</arg>
</arguments>
<msg timestamp="20191002 16:14:25.390" level="INFO">Typing text 'a@a.com' into text field '//input[@placeholder='email']'.</msg>
<status status="PASS" starttime="20191002 16:14:25.389" endtime="20191002 16:14:25.644"></status>
</kw>
<kw name="Sleep" library="BuiltIn">
<doc>Pauses the test executed for the given time.</doc>
<arguments>
<arg>2s</arg>
</arguments>
<msg timestamp="20191002 16:14:27.645" level="INFO">Slept 2 seconds</msg>
<status status="PASS" starttime="20191002 16:14:25.645" endtime="20191002 16:14:27.645"></status>
</kw>
<kw name="Input Text" library="SeleniumLibrary">
<doc>Types the given ``text`` into the text field identified by ``locator``.</doc>
<arguments>
<arg>//input[@placeholder='password']</arg>
<arg>1243</arg>
</arguments>
<msg timestamp="20191002 16:14:27.649" level="INFO">Typing text '1243' into text field '//input[@placeholder='password']'.</msg>
<status status="PASS" starttime="20191002 16:14:27.648" endtime="20191002 16:14:27.876"></status>
</kw>
<kw name="Sleep" library="BuiltIn">
<doc>Pauses the test executed for the given time.</doc>
<arguments>
<arg>2s</arg>
</arguments>
<msg timestamp="20191002 16:14:29.877" level="INFO">Slept 2 seconds</msg>
<status status="PASS" starttime="20191002 16:14:27.876" endtime="20191002 16:14:29.878"></status>
</kw>
<kw name="Click Element" library="SeleniumLibrary">
<doc>Click the element identified by ``locator``.</doc>
<arguments>
<arg>//*[@id='login-eye-icon']</arg>
</arguments>
<msg timestamp="20191002 16:14:29.879" level="INFO">Clicking element '//*[@id='login-eye-icon']'.</msg>
<status status="PASS" starttime="20191002 16:14:29.879" endtime="20191002 16:14:30.131"></status>
</kw>
<kw name="Sleep" library="BuiltIn">
<doc>Pauses the test executed for the given time.</doc>
<arguments>
<arg>2s</arg>
</arguments>
<msg timestamp="20191002 16:14:32.136" level="INFO">Slept 2 seconds</msg>
<status status="PASS" starttime="20191002 16:14:30.134" endtime="20191002 16:14:32.136"></status>
</kw>
<kw name="Click Element" library="SeleniumLibrary">
<doc>Click the element identified by ``locator``.</doc>
<arguments>
<arg>//button[@class='btn btn-intersys btn-block my-3']</arg>
</arguments>
<msg timestamp="20191002 16:14:32.137" level="INFO">Clicking element '//button[@class='btn btn-intersys btn-block my-3']'.</msg>
<status status="PASS" starttime="20191002 16:14:32.136" endtime="20191002 16:14:32.217"></status>
</kw>
<kw name="Sleep" library="BuiltIn">
<doc>Pauses the test executed for the given time.</doc>
<arguments>
<arg>${Sleep2}</arg>
</arguments>
<msg timestamp="20191002 16:14:39.219" level="INFO">Slept 7 seconds</msg>
<status status="PASS" starttime="20191002 16:14:32.218" endtime="20191002 16:14:39.219"></status>
</kw>
<kw name="Close Browser" library="SeleniumLibrary">
<doc>Closes the current browser.</doc>
<status status="PASS" starttime="20191002 16:14:39.221" endtime="20191002 16:14:41.783"></status>
</kw>
<status status="PASS" starttime="20191002 16:14:20.546" endtime="20191002 16:14:41.785" critical="yes"></status>
</test>
<test id="s1-t4" name="TC_010">
<kw name="Open Browser" library="SeleniumLibrary">
<doc>Opens a new browser instance to the given ``url``.</doc>
<arguments>
<arg>${URL}</arg>
<arg>${Browser}</arg>
</arguments>
<msg timestamp="20191002 16:14:41.799" level="INFO">Opening browser 'Chrome' to base url 'http://localhost:3000/login'.</msg>
<status status="PASS" starttime="20191002 16:14:41.798" endtime="20191002 16:14:45.350"></status>
</kw>
<kw name="Maximize Browser Window" library="SeleniumLibrary">
<doc>Maximizes current browser window.</doc>
<status status="PASS" starttime="20191002 16:14:45.350" endtime="20191002 16:14:46.522"></status>
</kw>
<kw name="Input Text" library="SeleniumLibrary">
<doc>Types the given ``text`` into the text field identified by ``locator``.</doc>
<arguments>
<arg>//input[@placeholder='email']</arg>
<arg>a@a.com</arg>
</arguments>
<msg timestamp="20191002 16:14:46.525" level="INFO">Typing text 'a@a.com' into text field '//input[@placeholder='email']'.</msg>
<status status="PASS" starttime="20191002 16:14:46.524" endtime="20191002 16:14:46.777"></status>
</kw>
<kw name="Sleep" library="BuiltIn">
<doc>Pauses the test executed for the given time.</doc>
<arguments>
<arg>2s</arg>
</arguments>
<msg timestamp="20191002 16:14:48.779" level="INFO">Slept 2 seconds</msg>
<status status="PASS" starttime="20191002 16:14:46.777" endtime="20191002 16:14:48.780"></status>
</kw>
<kw name="Input Text" library="SeleniumLibrary">
<doc>Types the given ``text`` into the text field identified by ``locator``.</doc>
<arguments>
<arg>//input[@placeholder='password']</arg>
<arg>1234</arg>
</arguments>
<msg timestamp="20191002 16:14:48.782" level="INFO">Typing text '1234' into text field '//input[@placeholder='password']'.</msg>
<status status="PASS" starttime="20191002 16:14:48.781" endtime="20191002 16:14:49.017"></status>
</kw>
<kw name="Sleep" library="BuiltIn">
<doc>Pauses the test executed for the given time.</doc>
<arguments>
<arg>2s</arg>
</arguments>
<msg timestamp="20191002 16:14:51.018" level="INFO">Slept 2 seconds</msg>
<status status="PASS" starttime="20191002 16:14:49.017" endtime="20191002 16:14:51.018"></status>
</kw>
<kw name="Press Keys" library="SeleniumLibrary">
<doc>Simulates the user pressing key(s) to an element or on the active browser.</doc>
<arguments>
<arg>//button[@class='btn btn-intersys btn-block my-3']</arg>
<arg>\13</arg>
</arguments>
<msg timestamp="20191002 16:14:51.019" level="INFO">Sending key(s) ('13',) to //button[@class='btn btn-intersys btn-block my-3'] element.</msg>
<msg timestamp="20191002 16:14:51.037" level="INFO">Sending keys 13</msg>
<status status="PASS" starttime="20191002 16:14:51.018" endtime="20191002 16:14:51.335"></status>
</kw>
<kw name="Sleep" library="BuiltIn">
<doc>Pauses the test executed for the given time.</doc>
<arguments>
<arg>${Sleep1}</arg>
</arguments>
<msg timestamp="20191002 16:14:54.337" level="INFO">Slept 3 seconds</msg>
<status status="PASS" starttime="20191002 16:14:51.336" endtime="20191002 16:14:54.337"></status>
</kw>
<kw name="Close Browser" library="SeleniumLibrary">
<doc>Closes the current browser.</doc>
<status status="PASS" starttime="20191002 16:14:54.339" endtime="20191002 16:14:56.910"></status>
</kw>
<status status="PASS" starttime="20191002 16:14:41.791" endtime="20191002 16:14:56.913" critical="yes"></status>
</test>
<status status="PASS" starttime="20191002 16:13:50.243" endtime="20191002 16:14:56.922"></status>
</suite>
<statistics>
<total>
<stat pass="4" fail="0">Critical Tests</stat>
<stat pass="4" fail="0">All Tests</stat>
</total>
<tag>
</tag>
<suite>
<stat pass="4" fail="0" id="s1" name="Login">Login</stat>
</suite>
</statistics>
<errors>
</errors>
</robot>
