<?xml version="1.0" encoding="UTF-8"?>
<robot generator="Robot 3.1.2 (Python 3.7.4 on win32)" generated="20191007 16:50:28.379" rpa="false">
<suite id="s1" name="Login" source="C:\Users\DavidBarocio\Documents\GitHub\ingangsters-web\TestCases\Login.robot">
<test id="s1-t1" name="TC_003">
<kw name="Open Browser" library="SeleniumLibrary">
<doc>Opens a new browser instance to the given ``url``.</doc>
<arguments>
<arg>${URL}</arg>
<arg>${Browser}</arg>
</arguments>
<msg timestamp="20191007 16:50:29.778" level="INFO">Opening browser 'Chrome' to base url 'http://localhost:3000/login'.</msg>
<status status="PASS" starttime="20191007 16:50:29.778" endtime="20191007 16:50:33.640"></status>
</kw>
<kw name="Maximize Browser Window" library="SeleniumLibrary">
<doc>Maximizes current browser window.</doc>
<status status="PASS" starttime="20191007 16:50:33.640" endtime="20191007 16:50:34.767"></status>
</kw>
<kw name="Input Text" library="SeleniumLibrary">
<doc>Types the given ``text`` into the text field identified by ``locator``.</doc>
<arguments>
<arg>//input[@placeholder='email']</arg>
<arg>a@a.com</arg>
</arguments>
<msg timestamp="20191007 16:50:34.768" level="INFO">Typing text 'a@a.com' into text field '//input[@placeholder='email']'.</msg>
<status status="PASS" starttime="20191007 16:50:34.768" endtime="20191007 16:50:34.917"></status>
</kw>
<kw name="Sleep" library="BuiltIn">
<doc>Pauses the test executed for the given time.</doc>
<arguments>
<arg>2s</arg>
</arguments>
<msg timestamp="20191007 16:50:36.919" level="INFO">Slept 2 seconds</msg>
<status status="PASS" starttime="20191007 16:50:34.917" endtime="20191007 16:50:36.919"></status>
</kw>
<kw name="Input Text" library="SeleniumLibrary">
<doc>Types the given ``text`` into the text field identified by ``locator``.</doc>
<arguments>
<arg>//input[@placeholder='password']</arg>
<arg>1243</arg>
</arguments>
<msg timestamp="20191007 16:50:36.920" level="INFO">Typing text '1243' into text field '//input[@placeholder='password']'.</msg>
<status status="PASS" starttime="20191007 16:50:36.920" endtime="20191007 16:50:37.028"></status>
</kw>
<kw name="Sleep" library="BuiltIn">
<doc>Pauses the test executed for the given time.</doc>
<arguments>
<arg>2s</arg>
</arguments>
<msg timestamp="20191007 16:50:39.030" level="INFO">Slept 2 seconds</msg>
<status status="PASS" starttime="20191007 16:50:37.028" endtime="20191007 16:50:39.030"></status>
</kw>
<kw name="Click Element" library="SeleniumLibrary">
<doc>Click the element identified by ``locator``.</doc>
<arguments>
<arg>//*[@id='login-eye-icon']</arg>
</arguments>
<msg timestamp="20191007 16:50:39.030" level="INFO">Clicking element '//*[@id='login-eye-icon']'.</msg>
<status status="PASS" starttime="20191007 16:50:39.030" endtime="20191007 16:50:39.098"></status>
</kw>
<kw name="Sleep" library="BuiltIn">
<doc>Pauses the test executed for the given time.</doc>
<arguments>
<arg>2s</arg>
</arguments>
<msg timestamp="20191007 16:50:41.100" level="INFO">Slept 2 seconds</msg>
<status status="PASS" starttime="20191007 16:50:39.100" endtime="20191007 16:50:41.100"></status>
</kw>
<kw name="Click Element" library="SeleniumLibrary">
<doc>Click the element identified by ``locator``.</doc>
<arguments>
<arg>//button[@class='btn btn-intersys btn-block my-3']</arg>
</arguments>
<msg timestamp="20191007 16:50:41.101" level="INFO">Clicking element '//button[@class='btn btn-intersys btn-block my-3']'.</msg>
<status status="PASS" starttime="20191007 16:50:41.100" endtime="20191007 16:50:41.161"></status>
</kw>
<kw name="Sleep" library="BuiltIn">
<doc>Pauses the test executed for the given time.</doc>
<arguments>
<arg>${Sleep2}</arg>
</arguments>
<msg timestamp="20191007 16:50:48.163" level="INFO">Slept 7 seconds</msg>
<status status="PASS" starttime="20191007 16:50:41.162" endtime="20191007 16:50:48.163"></status>
</kw>
<kw name="Close Browser" library="SeleniumLibrary">
<doc>Closes the current browser.</doc>
<status status="PASS" starttime="20191007 16:50:48.163" endtime="20191007 16:50:50.559"></status>
</kw>
<status status="PASS" starttime="20191007 16:50:29.777" endtime="20191007 16:50:50.560" critical="yes"></status>
</test>
<status status="PASS" starttime="20191007 16:50:28.381" endtime="20191007 16:50:50.562"></status>
</suite>
<statistics>
<total>
<stat pass="1" fail="0">Critical Tests</stat>
<stat pass="1" fail="0">All Tests</stat>
</total>
<tag>
</tag>
<suite>
<stat pass="1" fail="0" id="s1" name="Login">Login</stat>
</suite>
</statistics>
<errors>
</errors>
</robot>
